# JRE version: OpenJDK Runtime Environment (8.0_222-b10) (build 1.8.0_222-8u222-b10-1ubuntu1~16.04.1-b10)
# Java VM: OpenJDK 64-Bit Server VM (25.222-b10 mixed mode linux-amd64 compressed oops)
Heap:
 PSYoungGen      total 74240K, used 7657K [0x00000000e0000000, 0x00000000e5400000, 0x0000000100000000)
  eden space 66560K, 0% used [0x00000000e0000000,0x00000000e0000000,0x00000000e4100000)
  from space 7680K, 99% used [0x00000000e4500000,0x00000000e4c7a758,0x00000000e4c80000)
  to   space 6144K, 0% used [0x00000000e4e00000,0x00000000e4e00000,0x00000000e5400000)
 ParOldGen       total 26112K, used 21810K [0x00000000a0000000, 0x00000000a1980000, 0x00000000e0000000)
  object space 26112K, 83% used [0x00000000a0000000,0x00000000a154c9a0,0x00000000a1980000)
 Metaspace       used 33890K, capacity 35413K, committed 35496K, reserved 1081344K
  class space    used 4413K, capacity 4596K, committed 4608K, reserved 1048576K
GC Heap History (10 events):
Event: 978.950 GC heap after
Heap after GC invocations=3 (full 0):
 PSYoungGen      total 19968K, used 1526K [0x00000000e0000000, 0x00000000e2700000, 0x0000000100000000)
  eden space 18432K, 0% used [0x00000000e0000000,0x00000000e0000000,0x00000000e1200000)
  from space 1536K, 99% used [0x00000000e1200000,0x00000000e137dab8,0x00000000e1380000)
  to   space 1536K, 0% used [0x00000000e2580000,0x00000000e2580000,0x00000000e2700000)
 ParOldGen       total 24576K, used 5712K [0x00000000a0000000, 0x00000000a1800000, 0x00000000e0000000)
  object space 24576K, 23% used [0x00000000a0000000,0x00000000a0594390,0x00000000a1800000)
 Metaspace       used 10315K, capacity 11408K, committed 11648K, reserved 1060864K
  class space    used 996K, capacity 1068K, committed 1152K, reserved 1048576K
}
Event: 1021.695 GC heap before
{Heap before GC invocations=4 (full 0):
 PSYoungGen      total 19968K, used 19958K [0x00000000e0000000, 0x00000000e2700000, 0x0000000100000000)
  eden space 18432K, 100% used [0x00000000e0000000,0x00000000e1200000,0x00000000e1200000)
  from space 1536K, 99% used [0x00000000e1200000,0x00000000e137dab8,0x00000000e1380000)
  to   space 1536K, 0% used [0x00000000e2580000,0x00000000e2580000,0x00000000e2700000)
 ParOldGen       total 24576K, used 5712K [0x00000000a0000000, 0x00000000a1800000, 0x00000000e0000000)
  object space 24576K, 23% used [0x00000000a0000000,0x00000000a0594390,0x00000000a1800000)
 Metaspace       used 16921K, capacity 17620K, committed 17792K, reserved 1064960K
  class space    used 2049K, capacity 2170K, committed 2176K, reserved 1048576K
Event: 1022.353 GC heap after
Heap after GC invocations=4 (full 0):
 PSYoungGen      total 38400K, used 1524K [0x00000000e0000000, 0x00000000e2700000, 0x0000000100000000)
  eden space 36864K, 0% used [0x00000000e0000000,0x00000000e0000000,0x00000000e2400000)
  from space 1536K, 99% used [0x00000000e2580000,0x00000000e26fd328,0x00000000e2700000)
  to   space 1536K, 0% used [0x00000000e2400000,0x00000000e2400000,0x00000000e2580000)
 ParOldGen       total 24576K, used 9294K [0x00000000a0000000, 0x00000000a1800000, 0x00000000e0000000)
  object space 24576K, 37% used [0x00000000a0000000,0x00000000a09138b0,0x00000000a1800000)
 Metaspace       used 16921K, capacity 17620K, committed 17792K, reserved 1064960K
  class space    used 2049K, capacity 2170K, committed 2176K, reserved 1048576K
}
Event: 1036.614 GC heap before
{Heap before GC invocations=5 (full 0):
 PSYoungGen      total 38400K, used 15059K [0x00000000e0000000, 0x00000000e2700000, 0x0000000100000000)
  eden space 36864K, 36% used [0x00000000e0000000,0x00000000e0d37b90,0x00000000e2400000)
  from space 1536K, 99% used [0x00000000e2580000,0x00000000e26fd328,0x00000000e2700000)
  to   space 1536K, 0% used [0x00000000e2400000,0x00000000e2400000,0x00000000e2580000)
 ParOldGen       total 24576K, used 9294K [0x00000000a0000000, 0x00000000a1800000, 0x00000000e0000000)
  object space 24576K, 37% used [0x00000000a0000000,0x00000000a09138b0,0x00000000a1800000)
 Metaspace       used 20189K, capacity 21162K, committed 21296K, reserved 1067008K
  class space    used 2694K, capacity 2837K, committed 2944K, reserved 1048576K
Event: 1037.749 GC heap after
Heap after GC invocations=5 (full 0):
 PSYoungGen      total 38400K, used 1524K [0x00000000e0000000, 0x00000000e5400000, 0x0000000100000000)
  eden space 36864K, 0% used [0x00000000e0000000,0x00000000e0000000,0x00000000e2400000)
  from space 1536K, 99% used [0x00000000e2400000,0x00000000e257d348,0x00000000e2580000)
  to   space 6144K, 0% used [0x00000000e4e00000,0x00000000e4e00000,0x00000000e5400000)
 ParOldGen       total 24576K, used 11701K [0x00000000a0000000, 0x00000000a1800000, 0x00000000e0000000)
  object space 24576K, 47% used [0x00000000a0000000,0x00000000a0b6d7f8,0x00000000a1800000)
 Metaspace       used 20189K, capacity 21162K, committed 21296K, reserved 1067008K
  class space    used 2694K, capacity 2837K, committed 2944K, reserved 1048576K
}
Event: 1037.750 GC heap before
{Heap before GC invocations=6 (full 1):
 PSYoungGen      total 38400K, used 1524K [0x00000000e0000000, 0x00000000e5400000, 0x0000000100000000)
  eden space 36864K, 0% used [0x00000000e0000000,0x00000000e0000000,0x00000000e2400000)
  from space 1536K, 99% used [0x00000000e2400000,0x00000000e257d348,0x00000000e2580000)
  to   space 6144K, 0% used [0x00000000e4e00000,0x00000000e4e00000,0x00000000e5400000)
 ParOldGen       total 24576K, used 11701K [0x00000000a0000000, 0x00000000a1800000, 0x00000000e0000000)
  object space 24576K, 47% used [0x00000000a0000000,0x00000000a0b6d7f8,0x00000000a1800000)
 Metaspace       used 20189K, capacity 21162K, committed 21296K, reserved 1067008K
  class space    used 2694K, capacity 2837K, committed 2944K, reserved 1048576K
Event: 1045.892 GC heap after
Heap after GC invocations=6 (full 1):
 PSYoungGen      total 38400K, used 0K [0x00000000e0000000, 0x00000000e5400000, 0x0000000100000000)
  eden space 36864K, 0% used [0x00000000e0000000,0x00000000e0000000,0x00000000e2400000)
  from space 1536K, 0% used [0x00000000e2400000,0x00000000e2400000,0x00000000e2580000)
  to   space 6144K, 0% used [0x00000000e4e00000,0x00000000e4e00000,0x00000000e5400000)
 ParOldGen       total 26112K, used 10975K [0x00000000a0000000, 0x00000000a1980000, 0x00000000e0000000)
  object space 26112K, 42% used [0x00000000a0000000,0x00000000a0ab7c68,0x00000000a1980000)
 Metaspace       used 20179K, capacity 21142K, committed 21296K, reserved 1067008K
  class space    used 2690K, capacity 2831K, committed 2944K, reserved 1048576K
}
Event: 1088.525 GC heap before
{Heap before GC invocations=7 (full 1):
 PSYoungGen      total 38400K, used 36864K [0x00000000e0000000, 0x00000000e5400000, 0x0000000100000000)
  eden space 36864K, 100% used [0x00000000e0000000,0x00000000e2400000,0x00000000e2400000)
  from space 1536K, 0% used [0x00000000e2400000,0x00000000e2400000,0x00000000e2580000)
  to   space 6144K, 0% used [0x00000000e4e00000,0x00000000e4e00000,0x00000000e5400000)
 ParOldGen       total 26112K, used 10975K [0x00000000a0000000, 0x00000000a1980000, 0x00000000e0000000)
  object space 26112K, 42% used [0x00000000a0000000,0x00000000a0ab7c68,0x00000000a1980000)
 Metaspace       used 29350K, capacity 30621K, committed 30720K, reserved 1075200K
  class space    used 3909K, capacity 4087K, committed 4096K, reserved 1048576K
Event: 1088.648 GC heap after
Heap after GC invocations=7 (full 1):
 PSYoungGen      total 72704K, used 6126K [0x00000000e0000000, 0x00000000e5400000, 0x0000000100000000)
  eden space 66560K, 0% used [0x00000000e0000000,0x00000000e0000000,0x00000000e4100000)
  from space 6144K, 99% used [0x00000000e4e00000,0x00000000e53fb948,0x00000000e5400000)
  to   space 7680K, 0% used [0x00000000e4500000,0x00000000e4500000,0x00000000e4c80000)
 ParOldGen       total 26112K, used 12542K [0x00000000a0000000, 0x00000000a1980000, 0x00000000e0000000)
  object space 26112K, 48% used [0x00000000a0000000,0x00000000a0c3f9b0,0x00000000a1980000)
 Metaspace       used 29350K, capacity 30621K, committed 30720K, reserved 1075200K
  class space    used 3909K, capacity 4087K, committed 4096K, reserved 1048576K
}
Event: 1127.818 GC heap before
{Heap before GC invocations=8 (full 1):
 PSYoungGen      total 72704K, used 47405K [0x00000000e0000000, 0x00000000e5400000, 0x0000000100000000)
  eden space 66560K, 62% used [0x00000000e0000000,0x00000000e284fd20,0x00000000e4100000)
  from space 6144K, 99% used [0x00000000e4e00000,0x00000000e53fb948,0x00000000e5400000)
  to   space 7680K, 0% used [0x00000000e4500000,0x00000000e4500000,0x00000000e4c80000)
 ParOldGen       total 26112K, used 12542K [0x00000000a0000000, 0x00000000a1980000, 0x00000000e0000000)
  object space 26112K, 48% used [0x00000000a0000000,0x00000000a0c3f9b0,0x00000000a1980000)
 Metaspace       used 33890K, capacity 35413K, committed 35496K, reserved 1081344K
  class space    used 4413K, capacity 4596K, committed 4608K, reserved 1048576K

